Warning: Two words with same IPA: ˌɑrt̪ɑwˈɑsd̪iː ar-tau-as-dī ar-ta-vas-dī
Warning: Two words with same IPA: kˈuː cū qū
Warning: Two words with same IPA: kwˈiː cvī κī
Warning: Two words with same IPA: sˈek seq sec
Warning: Two words with same IPA: fˌɑwon̪iˈɑːn̪ɑ fa-vo-ni-ā-na fau-o-ni-ā-na
Warning: Two words with same IPA: ɡrˈɑwit̪er grau-i-ter gra-vi-ter
Warning: Two words with same IPA: ˌɑwellˈɑːn̪ɑːs a-vel-lā-nās au-el-lā-nās
Warning: Two words with same IPA: n̪ˈek neq nec
Warning: Two words with same IPA: kˈuːiː cū-ī qū-ī
Warning: Two words with same IPA: ˌeksˈiɡwiː ec-sig-vī ec-sig-wī
Warning: Two words with same IPA: ˌeksˈiɡwɑm ec-sig-vam ec-sig-wam
Warning: Two words with same IPA: kwˈikwe cvi-κe κi-κe
Warning: Two words with same IPA: lˈikwit̪ li-κit lic-vit
Warning: Two words with same IPA: ˌeksˈiɡwɑ ec-sig-va ec-sig-wa
Warning: Two words with same IPA: kwˈikwɑm cvi-κam κi-κam
Warning: Two words with same IPA: sˌɑwiˈɑːt̪ɑ sau-i-ā-ta sa-vi-ā-ta
Warning: Two words with same IPA: sˈɑwiɑ sau-i-a sa-vi-a
Warning: Two words with same IPA: ˌiɡn̪ˈɑwit̪er ig-na-vi-ter ig-nau-i-ter
Warning: Two words with same IPA: ˈɑk aq ac
Warning: Two words with same IPA: ˈɑw av au
Warning: Two words with same IPA: sˈikwiː si-κī sic-vī
Warning: Two words with same IPA: ˈekwm ecvm eκm
Warning: Two words with same IPA: n̪ˈekwiː ne-cvī ne-κī
Warning: Two words with same IPA: kwˈikwmkwe cvic-vmκe κic-vmκe
Warning: Two words with same IPA: ˌeksˈiɡwae̯kwe ec-sig-vae-κe ec-sig-wae-κe
Warning: Two words with same IPA: lˈiːkwiːt̪ līc-vīt lī-κīt
Warning: Two words with same IPA: kwˈiːkkwɑm cvīc-κam κīc-κam
Warning: Two words with same IPA: pˌɑwˈen̪t̪um pau-en-tum pa-ven-tum
Warning: Two words with same IPA: kˈiː qī cī
Warning: Two words with same IPA: kˈoː qō cō
Warning: Two words with same IPA: kˈɑwe cau-e ca-ve
Warning: Two words with same IPA: hˈɑw hau hav
Warning: Two words with same IPA: rˈɑwim ra-vim rau-im
Warning: Two words with same IPA: skˈuː sqū scū
Warning: Two words with same IPA: ɡn̪ˈɑwit̪er gnau-i-ter gna-vi-ter
Warning: Two words with same IPA: kˈeːoː qē-ō cē-ō
Warning: Two words with same IPA: ˌɑrt̪ɑwˈɑsd̪en̪ ar-ta-vas-den ar-tau-as-den
Warning: Two words with same IPA: ˈɑwus au-us a-vus
Warning: Two words with same IPA: kˈɑ qa ca
Warning: Two words with same IPA: ˈek eq ec
Warning: Two words with same IPA: ˌɑwˈiolɑ au-i-o-la a-vi-o-la
Warning: Two words with same IPA: ˌɑwort̪ˈiːst̪iː a-vor-tīs-tī au-or-tīs-tī
Warning: Two words with same IPA: sˈɑwium sa-vi-um sau-i-um
Warning: Two words with same IPA: sˌuɑwit̪ˈuːd̪oː su-a-vi-tū-dō su-au-i-tū-dō
Warning: Two words with same IPA: sˌɑwˈiːiːs sa-vī-īs sau-ī-īs
Warning: Two words with same IPA: kˌuːˈiːɑː cū-ī-ā qū-ī-ā
Warning: Two words with same IPA: sˈekor se-qor se-cor
Warning: Two words with same IPA: d̪ˈiːk dīq dīc
Warning: Two words with same IPA: ˌɑwˈɑːrit̪er au-ā-ri-ter a-vā-ri-ter
Warning: Two words with same IPA: lˌɑwˈin̪ɑkwe lau-i-na-κe la-vi-na-κe
Warning: Two words with same IPA: rˌɑwen̪n̪ˈɑːt̪eːs ra-ven-nā-tēs rau-en-nā-tēs
Warning: Two words with same IPA: fˌɑwisˈoːreːs fau-i-sō-rēs fa-vi-sō-rēs
Warning: Two words with same IPA: kˈɑː qā cā
Warning: Two words with same IPA: sˌɑwiˈɑːriː sa-vi-ā-rī sau-i-ā-rī
Warning: Two words with same IPA: ˌɑwˈid̪ium au-i-di-um a-vi-di-um
Warning: Two words with same IPA: lˌɑwˈiːn̪ɑkwe la-vī-na-κe lau-ī-na-κe
Warning: Two words with same IPA: fˌɑwˈen̪t̪um fa-ven-tum fau-en-tum
Warning: Two words with same IPA: klˌɑwiɡˈeːriː cla-vi-gē-rī clau-i-gē-rī
Warning: Two words with same IPA: kwˈin̪k κinq κinc
Warning: Two words with same IPA: lˌɑwˈiːn̪oː lau-ī-nō la-vī-nō